<?xml version="1.0" encoding="UTF-8"?>
<testng-results ignored="0" total="1" passed="1" failed="0" skipped="0">
  <reporter-output>
  </reporter-output>
  <suite started-at="2022-08-10T10:18:50 IST" name="Default suite" finished-at="2022-08-10T10:20:37 IST" duration-ms="107589">
    <groups>
    </groups>
    <test started-at="2022-08-10T10:18:50 IST" name="Default test" finished-at="2022-08-10T10:20:37 IST" duration-ms="107589">
      <class name="orange.HRM.TestCases.VerifyOrangeHRM">
        <test-method is-config="true" signature="InitializeWebDriverAndLaunchBrowser()[pri:0, instance:orange.HRM.TestCases.VerifyOrangeHRM@5ba3f27a]" started-at="2022-08-10T10:18:50 IST" name="InitializeWebDriverAndLaunchBrowser" finished-at="2022-08-10T10:18:57 IST" duration-ms="6698" status="PASS">
          <reporter-output>
          </reporter-output>
        </test-method> <!-- InitializeWebDriverAndLaunchBrowser -->
        <test-method signature="VerifyOrangeHRMSearch()[pri:0, instance:orange.HRM.TestCases.VerifyOrangeHRM@5ba3f27a]" started-at="2022-08-10T10:18:57 IST" name="VerifyOrangeHRMSearch" finished-at="2022-08-10T10:20:37 IST" duration-ms="100520" status="PASS">
          <reporter-output>
          </reporter-output>
        </test-method> <!-- VerifyOrangeHRMSearch -->
        <test-method is-config="true" signature="TerminateBrowser()[pri:0, instance:orange.HRM.TestCases.VerifyOrangeHRM@5ba3f27a]" started-at="2022-08-10T10:20:37 IST" name="TerminateBrowser" finished-at="2022-08-10T10:20:37 IST" duration-ms="315" status="PASS">
          <reporter-output>
          </reporter-output>
        </test-method> <!-- TerminateBrowser -->
      </class> <!-- orange.HRM.TestCases.VerifyOrangeHRM -->
    </test> <!-- Default test -->
  </suite> <!-- Default suite -->
</testng-results>
